[0.126s] DEBUG:colcon:Command line arguments: ['/usr/bin/colcon', 'build', '--symlink-install', '--packages-select', 'prm']
[0.126s] DEBUG:colcon:Parsed command line arguments: Namespace(log_base=None, log_level=None, verb_name='build', build_base='build', install_base='install', merge_install=False, symlink_install=True, test_result_base=None, continue_on_error=False, executor='parallel', parallel_workers=20, event_handlers=None, ignore_user_meta=False, metas=['./colcon.meta'], base_paths=['.'], packages_ignore=None, packages_ignore_regex=None, paths=None, packages_up_to=None, packages_up_to_regex=None, packages_above=None, packages_above_and_dependencies=None, packages_above_depth=None, packages_select_by_dep=None, packages_skip_by_dep=None, packages_skip_up_to=None, packages_select_build_failed=False, packages_skip_build_finished=False, packages_select_test_failures=False, packages_skip_test_passed=False, packages_select=['prm'], packages_skip=None, packages_select_regex=None, packages_skip_regex=None, packages_start=None, packages_end=None, allow_overriding=[], cmake_args=None, cmake_target=None, cmake_target_skip_unavailable=False, cmake_clean_cache=False, cmake_clean_first=False, cmake_force_configure=False, ament_cmake_args=None, catkin_cmake_args=None, catkin_skip_building_tests=False, mixin_files=None, mixin=None, verb_parser=<colcon_mixin.mixin.mixin_argument.MixinArgumentDecorator object at 0x7cb0cf1901c0>, verb_extension=<colcon_core.verb.build.BuildVerb object at 0x7cb0cf14fbb0>, main=<bound method BuildVerb.main of <colcon_core.verb.build.BuildVerb object at 0x7cb0cf14fbb0>>, mixin_verb=('build',))
[0.307s] Level 1:colcon.colcon_core.package_discovery:discover_packages(colcon_meta) check parameters
[0.307s] Level 1:colcon.colcon_core.package_discovery:discover_packages(recursive) check parameters
[0.307s] Level 1:colcon.colcon_core.package_discovery:discover_packages(ignore) check parameters
[0.307s] Level 1:colcon.colcon_core.package_discovery:discover_packages(path) check parameters
[0.307s] Level 1:colcon.colcon_core.package_discovery:discover_packages(colcon_meta) discover
[0.307s] Level 1:colcon.colcon_core.package_discovery:discover_packages(recursive) discover
[0.307s] INFO:colcon.colcon_core.package_discovery:Crawling recursively for packages in '/home/giovanna/ros2_ws/src/prm'
[0.307s] Level 1:colcon.colcon_core.package_identification:_identify(.) by extensions ['ignore', 'ignore_ament_install']
[0.307s] Level 1:colcon.colcon_core.package_identification:_identify(.) by extension 'ignore'
[0.308s] Level 1:colcon.colcon_core.package_identification:_identify(.) by extension 'ignore_ament_install'
[0.308s] Level 1:colcon.colcon_core.package_identification:_identify(.) by extensions ['colcon_pkg']
[0.308s] Level 1:colcon.colcon_core.package_identification:_identify(.) by extension 'colcon_pkg'
[0.308s] Level 1:colcon.colcon_core.package_identification:_identify(.) by extensions ['colcon_meta']
[0.308s] Level 1:colcon.colcon_core.package_identification:_identify(.) by extension 'colcon_meta'
[0.308s] Level 1:colcon.colcon_core.package_identification:_identify(.) by extensions ['ros']
[0.308s] Level 1:colcon.colcon_core.package_identification:_identify(.) by extension 'ros'
[0.323s] DEBUG:colcon.colcon_core.package_identification:Package '.' with type 'ros.ament_python' and name 'prm'
[0.323s] Level 1:colcon.colcon_core.package_discovery:discover_packages(recursive) using defaults
[0.323s] Level 1:colcon.colcon_core.package_discovery:discover_packages(ignore) discover
[0.323s] Level 1:colcon.colcon_core.package_discovery:discover_packages(ignore) using defaults
[0.323s] Level 1:colcon.colcon_core.package_discovery:discover_packages(path) discover
[0.323s] Level 1:colcon.colcon_core.package_discovery:discover_packages(path) using defaults
[0.355s] Level 1:colcon.colcon_core.package_discovery:discover_packages(prefix_path) check parameters
[0.355s] Level 1:colcon.colcon_core.package_discovery:discover_packages(prefix_path) discover
[0.357s] DEBUG:colcon.colcon_installed_package_information.package_discovery:Found 1 installed packages in /home/giovanna/ros2_ws/src/prm/install
[0.357s] DEBUG:colcon.colcon_installed_package_information.package_discovery:Found 1 installed packages in /home/giovanna/ros2_ws/install
[0.359s] DEBUG:colcon.colcon_installed_package_information.package_discovery:Found 326 installed packages in /opt/ros/humble
[0.361s] Level 1:colcon.colcon_core.package_discovery:discover_packages(prefix_path) using defaults
[0.411s] Level 5:colcon.colcon_core.verb:set package 'prm' build argument 'cmake_args' from command line to 'None'
[0.411s] Level 5:colcon.colcon_core.verb:set package 'prm' build argument 'cmake_target' from command line to 'None'
[0.411s] Level 5:colcon.colcon_core.verb:set package 'prm' build argument 'cmake_target_skip_unavailable' from command line to 'False'
[0.411s] Level 5:colcon.colcon_core.verb:set package 'prm' build argument 'cmake_clean_cache' from command line to 'False'
[0.411s] Level 5:colcon.colcon_core.verb:set package 'prm' build argument 'cmake_clean_first' from command line to 'False'
[0.411s] Level 5:colcon.colcon_core.verb:set package 'prm' build argument 'cmake_force_configure' from command line to 'False'
[0.411s] Level 5:colcon.colcon_core.verb:set package 'prm' build argument 'ament_cmake_args' from command line to 'None'
[0.411s] Level 5:colcon.colcon_core.verb:set package 'prm' build argument 'catkin_cmake_args' from command line to 'None'
[0.411s] Level 5:colcon.colcon_core.verb:set package 'prm' build argument 'catkin_skip_building_tests' from command line to 'False'
[0.411s] DEBUG:colcon.colcon_core.verb:Building package 'prm' with the following arguments: {'ament_cmake_args': None, 'build_base': '/home/giovanna/ros2_ws/src/prm/build/prm', 'catkin_cmake_args': None, 'catkin_skip_building_tests': False, 'cmake_args': None, 'cmake_clean_cache': False, 'cmake_clean_first': False, 'cmake_force_configure': False, 'cmake_target': None, 'cmake_target_skip_unavailable': False, 'install_base': '/home/giovanna/ros2_ws/src/prm/install/prm', 'merge_install': False, 'path': '/home/giovanna/ros2_ws/src/prm', 'symlink_install': True, 'test_result_base': None}
[0.412s] INFO:colcon.colcon_core.executor:Executing jobs using 'parallel' executor
[0.413s] DEBUG:colcon.colcon_parallel_executor.executor.parallel:run_until_complete
[0.413s] INFO:colcon.colcon_ros.task.ament_python.build:Building ROS package in '/home/giovanna/ros2_ws/src/prm' with build type 'ament_python'
[0.414s] Level 1:colcon.colcon_core.shell:create_environment_hook('prm', 'ament_prefix_path')
[0.416s] INFO:colcon.colcon_core.plugin_system:Skipping extension 'colcon_core.shell.bat': Not used on non-Windows systems
[0.416s] INFO:colcon.colcon_core.shell:Creating environment hook '/home/giovanna/ros2_ws/src/prm/install/prm/share/prm/hook/ament_prefix_path.ps1'
[0.417s] INFO:colcon.colcon_core.shell:Creating environment descriptor '/home/giovanna/ros2_ws/src/prm/install/prm/share/prm/hook/ament_prefix_path.dsv'
[0.417s] INFO:colcon.colcon_core.shell:Creating environment hook '/home/giovanna/ros2_ws/src/prm/install/prm/share/prm/hook/ament_prefix_path.sh'
[0.418s] INFO:colcon.colcon_core.shell:Skip shell extension 'powershell' for command environment: Not usable outside of PowerShell
[0.418s] DEBUG:colcon.colcon_core.shell:Skip shell extension 'dsv' for command environment
[0.751s] INFO:colcon.colcon_core.task.python.build:Building Python package in '/home/giovanna/ros2_ws/src/prm'
[0.752s] INFO:colcon.colcon_core.shell:Skip shell extension 'powershell' for command environment: Not usable outside of PowerShell
[0.752s] DEBUG:colcon.colcon_core.shell:Skip shell extension 'dsv' for command environment
[1.266s] DEBUG:colcon.colcon_core.event_handler.log_command:Invoking command in '/home/giovanna/ros2_ws/src/prm/build/prm': PYTHONPATH=/home/giovanna/ros2_ws/src/prm/build/prm/prefix_override:/usr/lib/python3/dist-packages/colcon_core/task/python/colcon_distutils_commands:/home/giovanna/ros2_ws/src/prm/install/prm/lib/python3.10/site-packages:${PYTHONPATH} /usr/bin/python3 -W ignore:setup.py install is deprecated -W ignore:easy_install command is deprecated setup.py develop --editable --build-directory /home/giovanna/ros2_ws/src/prm/build/prm/build --no-deps symlink_data
[1.843s] Level 1:colcon.colcon_core.shell:create_environment_hook('prm', 'pythonpath_develop')
[1.844s] INFO:colcon.colcon_core.shell:Creating environment hook '/home/giovanna/ros2_ws/src/prm/build/prm/share/prm/hook/pythonpath_develop.ps1'
[1.845s] DEBUG:colcon.colcon_core.event_handler.log_command:Invoked command in '/home/giovanna/ros2_ws/src/prm/build/prm' returned '0': PYTHONPATH=/home/giovanna/ros2_ws/src/prm/build/prm/prefix_override:/usr/lib/python3/dist-packages/colcon_core/task/python/colcon_distutils_commands:/home/giovanna/ros2_ws/src/prm/install/prm/lib/python3.10/site-packages:${PYTHONPATH} /usr/bin/python3 -W ignore:setup.py install is deprecated -W ignore:easy_install command is deprecated setup.py develop --editable --build-directory /home/giovanna/ros2_ws/src/prm/build/prm/build --no-deps symlink_data
[1.846s] INFO:colcon.colcon_core.shell:Creating environment descriptor '/home/giovanna/ros2_ws/src/prm/build/prm/share/prm/hook/pythonpath_develop.dsv'
[1.846s] INFO:colcon.colcon_core.shell:Creating environment hook '/home/giovanna/ros2_ws/src/prm/build/prm/share/prm/hook/pythonpath_develop.sh'
[1.850s] Level 1:colcon.colcon_core.environment:checking '/home/giovanna/ros2_ws/src/prm/install/prm' for CMake module files
[1.851s] Level 1:colcon.colcon_core.environment:checking '/home/giovanna/ros2_ws/src/prm/install/prm' for CMake config files
[1.852s] Level 1:colcon.colcon_core.environment:checking '/home/giovanna/ros2_ws/src/prm/install/prm/lib'
[1.852s] Level 1:colcon.colcon_core.environment:checking '/home/giovanna/ros2_ws/src/prm/install/prm/bin'
[1.852s] Level 1:colcon.colcon_core.environment:checking '/home/giovanna/ros2_ws/src/prm/install/prm/lib/pkgconfig/prm.pc'
[1.852s] Level 1:colcon.colcon_core.environment:checking '/home/giovanna/ros2_ws/src/prm/install/prm/lib/python3.10/site-packages'
[1.852s] Level 1:colcon.colcon_core.shell:create_environment_hook('prm', 'pythonpath')
[1.853s] INFO:colcon.colcon_core.shell:Creating environment hook '/home/giovanna/ros2_ws/src/prm/install/prm/share/prm/hook/pythonpath.ps1'
[1.853s] INFO:colcon.colcon_core.shell:Creating environment descriptor '/home/giovanna/ros2_ws/src/prm/install/prm/share/prm/hook/pythonpath.dsv'
[1.854s] INFO:colcon.colcon_core.shell:Creating environment hook '/home/giovanna/ros2_ws/src/prm/install/prm/share/prm/hook/pythonpath.sh'
[1.854s] Level 1:colcon.colcon_core.environment:checking '/home/giovanna/ros2_ws/src/prm/install/prm/bin'
[1.854s] Level 1:colcon.colcon_core.environment:create_environment_scripts_only(prm)
[1.855s] INFO:colcon.colcon_core.shell:Creating package script '/home/giovanna/ros2_ws/src/prm/install/prm/share/prm/package.ps1'
[1.856s] INFO:colcon.colcon_core.shell:Creating package descriptor '/home/giovanna/ros2_ws/src/prm/install/prm/share/prm/package.dsv'
[1.857s] INFO:colcon.colcon_core.shell:Creating package script '/home/giovanna/ros2_ws/src/prm/install/prm/share/prm/package.sh'
[1.858s] INFO:colcon.colcon_core.shell:Creating package script '/home/giovanna/ros2_ws/src/prm/install/prm/share/prm/package.bash'
[1.859s] INFO:colcon.colcon_core.shell:Creating package script '/home/giovanna/ros2_ws/src/prm/install/prm/share/prm/package.zsh'
[1.860s] Level 1:colcon.colcon_core.environment:create_file_with_runtime_dependencies(/home/giovanna/ros2_ws/src/prm/install/prm/share/colcon-core/packages/prm)
[1.860s] DEBUG:colcon.colcon_parallel_executor.executor.parallel:closing loop
[1.861s] DEBUG:colcon.colcon_parallel_executor.executor.parallel:loop closed
[1.861s] DEBUG:colcon.colcon_parallel_executor.executor.parallel:run_until_complete finished with '0'
[1.862s] DEBUG:colcon.colcon_core.event_reactor:joining thread
[1.868s] INFO:colcon.colcon_core.plugin_system:Skipping extension 'colcon_notification.desktop_notification.terminal_notifier': Not used on non-Darwin systems
[1.869s] INFO:colcon.colcon_core.plugin_system:Skipping extension 'colcon_notification.desktop_notification.win32': Not used on non-Windows systems
[1.869s] INFO:colcon.colcon_notification.desktop_notification:Sending desktop notification using 'notify2'
[1.885s] DEBUG:colcon.colcon_core.event_reactor:joined thread
[1.886s] INFO:colcon.colcon_core.shell:Creating prefix script '/home/giovanna/ros2_ws/src/prm/install/local_setup.ps1'
[1.887s] INFO:colcon.colcon_core.shell:Creating prefix util module '/home/giovanna/ros2_ws/src/prm/install/_local_setup_util_ps1.py'
[1.889s] INFO:colcon.colcon_core.shell:Creating prefix chain script '/home/giovanna/ros2_ws/src/prm/install/setup.ps1'
[1.891s] INFO:colcon.colcon_core.shell:Creating prefix script '/home/giovanna/ros2_ws/src/prm/install/local_setup.sh'
[1.892s] INFO:colcon.colcon_core.shell:Creating prefix util module '/home/giovanna/ros2_ws/src/prm/install/_local_setup_util_sh.py'
[1.893s] INFO:colcon.colcon_core.shell:Creating prefix chain script '/home/giovanna/ros2_ws/src/prm/install/setup.sh'
[1.895s] INFO:colcon.colcon_core.shell:Creating prefix script '/home/giovanna/ros2_ws/src/prm/install/local_setup.bash'
[1.895s] INFO:colcon.colcon_core.shell:Creating prefix chain script '/home/giovanna/ros2_ws/src/prm/install/setup.bash'
[1.896s] INFO:colcon.colcon_core.shell:Creating prefix script '/home/giovanna/ros2_ws/src/prm/install/local_setup.zsh'
[1.897s] INFO:colcon.colcon_core.shell:Creating prefix chain script '/home/giovanna/ros2_ws/src/prm/install/setup.zsh'
