[0.354s] DEBUG:colcon:Command line arguments: ['/usr/bin/colcon', 'build', '--symlink-install', '--packages-select', 'prm']
[0.354s] DEBUG:colcon:Parsed command line arguments: Namespace(log_base=None, log_level=None, verb_name='build', build_base='build', install_base='install', merge_install=False, symlink_install=True, test_result_base=None, continue_on_error=False, executor='parallel', parallel_workers=20, event_handlers=None, ignore_user_meta=False, metas=['./colcon.meta'], base_paths=['.'], packages_ignore=None, packages_ignore_regex=None, paths=None, packages_up_to=None, packages_up_to_regex=None, packages_above=None, packages_above_and_dependencies=None, packages_above_depth=None, packages_select_by_dep=None, packages_skip_by_dep=None, packages_skip_up_to=None, packages_select_build_failed=False, packages_skip_build_finished=False, packages_select_test_failures=False, packages_skip_test_passed=False, packages_select=['prm'], packages_skip=None, packages_select_regex=None, packages_skip_regex=None, packages_start=None, packages_end=None, allow_overriding=[], cmake_args=None, cmake_target=None, cmake_target_skip_unavailable=False, cmake_clean_cache=False, cmake_clean_first=False, cmake_force_configure=False, ament_cmake_args=None, catkin_cmake_args=None, catkin_skip_building_tests=False, mixin_files=None, mixin=None, verb_parser=<colcon_mixin.mixin.mixin_argument.MixinArgumentDecorator object at 0x7219ee7901c0>, verb_extension=<colcon_core.verb.build.BuildVerb object at 0x7219ee74fbb0>, main=<bound method BuildVerb.main of <colcon_core.verb.build.BuildVerb object at 0x7219ee74fbb0>>, mixin_verb=('build',))
[0.795s] Level 1:colcon.colcon_core.package_discovery:discover_packages(colcon_meta) check parameters
[0.795s] Level 1:colcon.colcon_core.package_discovery:discover_packages(recursive) check parameters
[0.795s] Level 1:colcon.colcon_core.package_discovery:discover_packages(ignore) check parameters
[0.795s] Level 1:colcon.colcon_core.package_discovery:discover_packages(path) check parameters
[0.795s] Level 1:colcon.colcon_core.package_discovery:discover_packages(colcon_meta) discover
[0.795s] Level 1:colcon.colcon_core.package_discovery:discover_packages(recursive) discover
[0.795s] INFO:colcon.colcon_core.package_discovery:Crawling recursively for packages in '/home/giovanna/ros2_ws/src/prm'
[0.796s] Level 1:colcon.colcon_core.package_identification:_identify(.) by extensions ['ignore', 'ignore_ament_install']
[0.796s] Level 1:colcon.colcon_core.package_identification:_identify(.) by extension 'ignore'
[0.796s] Level 1:colcon.colcon_core.package_identification:_identify(.) by extension 'ignore_ament_install'
[0.796s] Level 1:colcon.colcon_core.package_identification:_identify(.) by extensions ['colcon_pkg']
[0.796s] Level 1:colcon.colcon_core.package_identification:_identify(.) by extension 'colcon_pkg'
[0.796s] Level 1:colcon.colcon_core.package_identification:_identify(.) by extensions ['colcon_meta']
[0.796s] Level 1:colcon.colcon_core.package_identification:_identify(.) by extension 'colcon_meta'
[0.796s] Level 1:colcon.colcon_core.package_identification:_identify(.) by extensions ['ros']
[0.796s] Level 1:colcon.colcon_core.package_identification:_identify(.) by extension 'ros'
[0.841s] DEBUG:colcon.colcon_core.package_identification:Package '.' with type 'ros.ament_python' and name 'prm'
[0.841s] Level 1:colcon.colcon_core.package_discovery:discover_packages(recursive) using defaults
[0.841s] Level 1:colcon.colcon_core.package_discovery:discover_packages(ignore) discover
[0.841s] Level 1:colcon.colcon_core.package_discovery:discover_packages(ignore) using defaults
[0.842s] Level 1:colcon.colcon_core.package_discovery:discover_packages(path) discover
[0.842s] Level 1:colcon.colcon_core.package_discovery:discover_packages(path) using defaults
[0.922s] Level 1:colcon.colcon_core.package_discovery:discover_packages(prefix_path) check parameters
[0.922s] Level 1:colcon.colcon_core.package_discovery:discover_packages(prefix_path) discover
[0.926s] DEBUG:colcon.colcon_installed_package_information.package_discovery:Found 1 installed packages in /home/giovanna/ros2_ws/src/prm/install
[0.927s] DEBUG:colcon.colcon_installed_package_information.package_discovery:Found 1 installed packages in /home/giovanna/ros2_ws/install
[0.932s] DEBUG:colcon.colcon_installed_package_information.package_discovery:Found 326 installed packages in /opt/ros/humble
[0.938s] Level 1:colcon.colcon_core.package_discovery:discover_packages(prefix_path) using defaults
[1.050s] Level 5:colcon.colcon_core.verb:set package 'prm' build argument 'cmake_args' from command line to 'None'
[1.050s] Level 5:colcon.colcon_core.verb:set package 'prm' build argument 'cmake_target' from command line to 'None'
[1.050s] Level 5:colcon.colcon_core.verb:set package 'prm' build argument 'cmake_target_skip_unavailable' from command line to 'False'
[1.050s] Level 5:colcon.colcon_core.verb:set package 'prm' build argument 'cmake_clean_cache' from command line to 'False'
[1.050s] Level 5:colcon.colcon_core.verb:set package 'prm' build argument 'cmake_clean_first' from command line to 'False'
[1.050s] Level 5:colcon.colcon_core.verb:set package 'prm' build argument 'cmake_force_configure' from command line to 'False'
[1.050s] Level 5:colcon.colcon_core.verb:set package 'prm' build argument 'ament_cmake_args' from command line to 'None'
[1.050s] Level 5:colcon.colcon_core.verb:set package 'prm' build argument 'catkin_cmake_args' from command line to 'None'
[1.050s] Level 5:colcon.colcon_core.verb:set package 'prm' build argument 'catkin_skip_building_tests' from command line to 'False'
[1.050s] DEBUG:colcon.colcon_core.verb:Building package 'prm' with the following arguments: {'ament_cmake_args': None, 'build_base': '/home/giovanna/ros2_ws/src/prm/build/prm', 'catkin_cmake_args': None, 'catkin_skip_building_tests': False, 'cmake_args': None, 'cmake_clean_cache': False, 'cmake_clean_first': False, 'cmake_force_configure': False, 'cmake_target': None, 'cmake_target_skip_unavailable': False, 'install_base': '/home/giovanna/ros2_ws/src/prm/install/prm', 'merge_install': False, 'path': '/home/giovanna/ros2_ws/src/prm', 'symlink_install': True, 'test_result_base': None}
[1.051s] INFO:colcon.colcon_core.executor:Executing jobs using 'parallel' executor
[1.054s] DEBUG:colcon.colcon_parallel_executor.executor.parallel:run_until_complete
[1.054s] INFO:colcon.colcon_ros.task.ament_python.build:Building ROS package in '/home/giovanna/ros2_ws/src/prm' with build type 'ament_python'
[1.055s] Level 1:colcon.colcon_core.shell:create_environment_hook('prm', 'ament_prefix_path')
[1.059s] INFO:colcon.colcon_core.plugin_system:Skipping extension 'colcon_core.shell.bat': Not used on non-Windows systems
[1.060s] INFO:colcon.colcon_core.shell:Creating environment hook '/home/giovanna/ros2_ws/src/prm/install/prm/share/prm/hook/ament_prefix_path.ps1'
[1.061s] INFO:colcon.colcon_core.shell:Creating environment descriptor '/home/giovanna/ros2_ws/src/prm/install/prm/share/prm/hook/ament_prefix_path.dsv'
[1.062s] INFO:colcon.colcon_core.shell:Creating environment hook '/home/giovanna/ros2_ws/src/prm/install/prm/share/prm/hook/ament_prefix_path.sh'
[1.064s] INFO:colcon.colcon_core.shell:Skip shell extension 'powershell' for command environment: Not usable outside of PowerShell
[1.064s] DEBUG:colcon.colcon_core.shell:Skip shell extension 'dsv' for command environment
[1.872s] INFO:colcon.colcon_core.task.python.build:Building Python package in '/home/giovanna/ros2_ws/src/prm'
[1.873s] INFO:colcon.colcon_core.shell:Skip shell extension 'powershell' for command environment: Not usable outside of PowerShell
[1.874s] DEBUG:colcon.colcon_core.shell:Skip shell extension 'dsv' for command environment
[2.960s] DEBUG:colcon.colcon_core.event_handler.log_command:Invoking command in '/home/giovanna/ros2_ws/src/prm/build/prm': PYTHONPATH=/home/giovanna/ros2_ws/src/prm/build/prm/prefix_override:/usr/lib/python3/dist-packages/colcon_core/task/python/colcon_distutils_commands:/home/giovanna/ros2_ws/src/prm/install/prm/lib/python3.10/site-packages:${PYTHONPATH} /usr/bin/python3 -W ignore:setup.py install is deprecated -W ignore:easy_install command is deprecated setup.py develop --editable --build-directory /home/giovanna/ros2_ws/src/prm/build/prm/build --no-deps symlink_data
[4.421s] Level 1:colcon.colcon_core.shell:create_environment_hook('prm', 'pythonpath_develop')
[4.422s] INFO:colcon.colcon_core.shell:Creating environment hook '/home/giovanna/ros2_ws/src/prm/build/prm/share/prm/hook/pythonpath_develop.ps1'
[4.424s] DEBUG:colcon.colcon_core.event_handler.log_command:Invoked command in '/home/giovanna/ros2_ws/src/prm/build/prm' returned '0': PYTHONPATH=/home/giovanna/ros2_ws/src/prm/build/prm/prefix_override:/usr/lib/python3/dist-packages/colcon_core/task/python/colcon_distutils_commands:/home/giovanna/ros2_ws/src/prm/install/prm/lib/python3.10/site-packages:${PYTHONPATH} /usr/bin/python3 -W ignore:setup.py install is deprecated -W ignore:easy_install command is deprecated setup.py develop --editable --build-directory /home/giovanna/ros2_ws/src/prm/build/prm/build --no-deps symlink_data
[4.425s] INFO:colcon.colcon_core.shell:Creating environment descriptor '/home/giovanna/ros2_ws/src/prm/build/prm/share/prm/hook/pythonpath_develop.dsv'
[4.427s] INFO:colcon.colcon_core.shell:Creating environment hook '/home/giovanna/ros2_ws/src/prm/build/prm/share/prm/hook/pythonpath_develop.sh'
[4.437s] Level 1:colcon.colcon_core.environment:checking '/home/giovanna/ros2_ws/src/prm/install/prm' for CMake module files
[4.439s] Level 1:colcon.colcon_core.environment:checking '/home/giovanna/ros2_ws/src/prm/install/prm' for CMake config files
[4.442s] Level 1:colcon.colcon_core.environment:checking '/home/giovanna/ros2_ws/src/prm/install/prm/lib'
[4.443s] Level 1:colcon.colcon_core.environment:checking '/home/giovanna/ros2_ws/src/prm/install/prm/bin'
[4.444s] Level 1:colcon.colcon_core.environment:checking '/home/giovanna/ros2_ws/src/prm/install/prm/lib/pkgconfig/prm.pc'
[4.445s] Level 1:colcon.colcon_core.environment:checking '/home/giovanna/ros2_ws/src/prm/install/prm/lib/python3.10/site-packages'
[4.445s] Level 1:colcon.colcon_core.shell:create_environment_hook('prm', 'pythonpath')
[4.446s] INFO:colcon.colcon_core.shell:Creating environment hook '/home/giovanna/ros2_ws/src/prm/install/prm/share/prm/hook/pythonpath.ps1'
[4.448s] INFO:colcon.colcon_core.shell:Creating environment descriptor '/home/giovanna/ros2_ws/src/prm/install/prm/share/prm/hook/pythonpath.dsv'
[4.449s] INFO:colcon.colcon_core.shell:Creating environment hook '/home/giovanna/ros2_ws/src/prm/install/prm/share/prm/hook/pythonpath.sh'
[4.452s] Level 1:colcon.colcon_core.environment:checking '/home/giovanna/ros2_ws/src/prm/install/prm/bin'
[4.452s] Level 1:colcon.colcon_core.environment:create_environment_scripts_only(prm)
[4.453s] INFO:colcon.colcon_core.shell:Creating package script '/home/giovanna/ros2_ws/src/prm/install/prm/share/prm/package.ps1'
[4.455s] INFO:colcon.colcon_core.shell:Creating package descriptor '/home/giovanna/ros2_ws/src/prm/install/prm/share/prm/package.dsv'
[4.457s] INFO:colcon.colcon_core.shell:Creating package script '/home/giovanna/ros2_ws/src/prm/install/prm/share/prm/package.sh'
[4.459s] INFO:colcon.colcon_core.shell:Creating package script '/home/giovanna/ros2_ws/src/prm/install/prm/share/prm/package.bash'
[4.461s] INFO:colcon.colcon_core.shell:Creating package script '/home/giovanna/ros2_ws/src/prm/install/prm/share/prm/package.zsh'
[4.463s] Level 1:colcon.colcon_core.environment:create_file_with_runtime_dependencies(/home/giovanna/ros2_ws/src/prm/install/prm/share/colcon-core/packages/prm)
[4.463s] DEBUG:colcon.colcon_parallel_executor.executor.parallel:closing loop
[4.464s] DEBUG:colcon.colcon_parallel_executor.executor.parallel:loop closed
[4.465s] DEBUG:colcon.colcon_parallel_executor.executor.parallel:run_until_complete finished with '0'
[4.465s] DEBUG:colcon.colcon_core.event_reactor:joining thread
[4.477s] INFO:colcon.colcon_core.plugin_system:Skipping extension 'colcon_notification.desktop_notification.terminal_notifier': Not used on non-Darwin systems
[4.477s] INFO:colcon.colcon_core.plugin_system:Skipping extension 'colcon_notification.desktop_notification.win32': Not used on non-Windows systems
[4.477s] INFO:colcon.colcon_notification.desktop_notification:Sending desktop notification using 'notify2'
[4.517s] DEBUG:colcon.colcon_core.event_reactor:joined thread
[4.519s] INFO:colcon.colcon_core.shell:Creating prefix script '/home/giovanna/ros2_ws/src/prm/install/local_setup.ps1'
[4.522s] INFO:colcon.colcon_core.shell:Creating prefix util module '/home/giovanna/ros2_ws/src/prm/install/_local_setup_util_ps1.py'
[4.527s] INFO:colcon.colcon_core.shell:Creating prefix chain script '/home/giovanna/ros2_ws/src/prm/install/setup.ps1'
[4.531s] INFO:colcon.colcon_core.shell:Creating prefix script '/home/giovanna/ros2_ws/src/prm/install/local_setup.sh'
[4.534s] INFO:colcon.colcon_core.shell:Creating prefix util module '/home/giovanna/ros2_ws/src/prm/install/_local_setup_util_sh.py'
[4.536s] INFO:colcon.colcon_core.shell:Creating prefix chain script '/home/giovanna/ros2_ws/src/prm/install/setup.sh'
[4.541s] INFO:colcon.colcon_core.shell:Creating prefix script '/home/giovanna/ros2_ws/src/prm/install/local_setup.bash'
[4.543s] INFO:colcon.colcon_core.shell:Creating prefix chain script '/home/giovanna/ros2_ws/src/prm/install/setup.bash'
[4.545s] INFO:colcon.colcon_core.shell:Creating prefix script '/home/giovanna/ros2_ws/src/prm/install/local_setup.zsh'
[4.546s] INFO:colcon.colcon_core.shell:Creating prefix chain script '/home/giovanna/ros2_ws/src/prm/install/setup.zsh'
