[1.904s] Invoking command in '/home/giovanna/ros2_ws/src/prm/build/prm': PYTHONPATH=/home/giovanna/ros2_ws/src/prm/build/prm/prefix_override:/usr/lib/python3/dist-packages/colcon_core/task/python/colcon_distutils_commands:/home/giovanna/ros2_ws/src/prm/install/prm/lib/python3.10/site-packages:${PYTHONPATH} /usr/bin/python3 -W ignore:setup.py install is deprecated -W ignore:easy_install command is deprecated setup.py develop --editable --build-directory /home/giovanna/ros2_ws/src/prm/build/prm/build --no-deps symlink_data
[2.726s] running develop
[3.257s] running egg_info
[3.257s] writing prm.egg-info/PKG-INFO
[3.258s] writing dependency_links to prm.egg-info/dependency_links.txt
[3.258s] writing entry points to prm.egg-info/entry_points.txt
[3.259s] writing requirements to prm.egg-info/requires.txt
[3.259s] writing top-level names to prm.egg-info/top_level.txt
[3.265s] reading manifest file 'prm.egg-info/SOURCES.txt'
[3.268s] writing manifest file 'prm.egg-info/SOURCES.txt'
[3.272s] running build_ext
[3.272s] Creating /home/giovanna/ros2_ws/src/prm/install/prm/lib/python3.10/site-packages/prm.egg-link (link to .)
[3.274s] Installing controle_robo script to /home/giovanna/ros2_ws/src/prm/install/prm/lib/prm
[3.275s] Installing controle_robo_novo script to /home/giovanna/ros2_ws/src/prm/install/prm/lib/prm
[3.275s] Installing controle_robo_novo_2 script to /home/giovanna/ros2_ws/src/prm/install/prm/lib/prm
[3.275s] Installing controle_robo_novo_3 script to /home/giovanna/ros2_ws/src/prm/install/prm/lib/prm
[3.275s] Installing tartaruga script to /home/giovanna/ros2_ws/src/prm/install/prm/lib/prm
[3.276s] 
[3.276s] Installed /home/giovanna/ros2_ws/src/prm/build/prm
[3.276s] running symlink_data
[3.368s] Invoked command in '/home/giovanna/ros2_ws/src/prm/build/prm' returned '0': PYTHONPATH=/home/giovanna/ros2_ws/src/prm/build/prm/prefix_override:/usr/lib/python3/dist-packages/colcon_core/task/python/colcon_distutils_commands:/home/giovanna/ros2_ws/src/prm/install/prm/lib/python3.10/site-packages:${PYTHONPATH} /usr/bin/python3 -W ignore:setup.py install is deprecated -W ignore:easy_install command is deprecated setup.py develop --editable --build-directory /home/giovanna/ros2_ws/src/prm/build/prm/build --no-deps symlink_data
