[0.169s] DEBUG:colcon:Command line arguments: ['/usr/bin/colcon', 'build', '--symlink-install', '--packages-select', 'prm']
[0.169s] DEBUG:colcon:Parsed command line arguments: Namespace(log_base=None, log_level=None, verb_name='build', build_base='build', install_base='install', merge_install=False, symlink_install=True, test_result_base=None, continue_on_error=False, executor='parallel', parallel_workers=20, event_handlers=None, ignore_user_meta=False, metas=['./colcon.meta'], base_paths=['.'], packages_ignore=None, packages_ignore_regex=None, paths=None, packages_up_to=None, packages_up_to_regex=None, packages_above=None, packages_above_and_dependencies=None, packages_above_depth=None, packages_select_by_dep=None, packages_skip_by_dep=None, packages_skip_up_to=None, packages_select_build_failed=False, packages_skip_build_finished=False, packages_select_test_failures=False, packages_skip_test_passed=False, packages_select=['prm'], packages_skip=None, packages_select_regex=None, packages_skip_regex=None, packages_start=None, packages_end=None, allow_overriding=[], cmake_args=None, cmake_target=None, cmake_target_skip_unavailable=False, cmake_clean_cache=False, cmake_clean_first=False, cmake_force_configure=False, ament_cmake_args=None, catkin_cmake_args=None, catkin_skip_building_tests=False, mixin_files=None, mixin=None, verb_parser=<colcon_mixin.mixin.mixin_argument.MixinArgumentDecorator object at 0x7fbe4605f670>, verb_extension=<colcon_core.verb.build.BuildVerb object at 0x7fbe4605f130>, main=<bound method BuildVerb.main of <colcon_core.verb.build.BuildVerb object at 0x7fbe4605f130>>, mixin_verb=('build',))
[0.491s] Level 1:colcon.colcon_core.package_discovery:discover_packages(colcon_meta) check parameters
[0.492s] Level 1:colcon.colcon_core.package_discovery:discover_packages(recursive) check parameters
[0.492s] Level 1:colcon.colcon_core.package_discovery:discover_packages(ignore) check parameters
[0.492s] Level 1:colcon.colcon_core.package_discovery:discover_packages(path) check parameters
[0.492s] Level 1:colcon.colcon_core.package_discovery:discover_packages(colcon_meta) discover
[0.492s] Level 1:colcon.colcon_core.package_discovery:discover_packages(recursive) discover
[0.492s] INFO:colcon.colcon_core.package_discovery:Crawling recursively for packages in '/home/giovanna/ros2_ws/src/prm'
[0.492s] Level 1:colcon.colcon_core.package_identification:_identify(.) by extensions ['ignore', 'ignore_ament_install']
[0.492s] Level 1:colcon.colcon_core.package_identification:_identify(.) by extension 'ignore'
[0.492s] Level 1:colcon.colcon_core.package_identification:_identify(.) by extension 'ignore_ament_install'
[0.492s] Level 1:colcon.colcon_core.package_identification:_identify(.) by extensions ['colcon_pkg']
[0.493s] Level 1:colcon.colcon_core.package_identification:_identify(.) by extension 'colcon_pkg'
[0.493s] Level 1:colcon.colcon_core.package_identification:_identify(.) by extensions ['colcon_meta']
[0.493s] Level 1:colcon.colcon_core.package_identification:_identify(.) by extension 'colcon_meta'
[0.493s] Level 1:colcon.colcon_core.package_identification:_identify(.) by extensions ['ros']
[0.493s] Level 1:colcon.colcon_core.package_identification:_identify(.) by extension 'ros'
[0.513s] DEBUG:colcon.colcon_core.package_identification:Package '.' with type 'ros.ament_python' and name 'prm'
[0.513s] Level 1:colcon.colcon_core.package_discovery:discover_packages(recursive) using defaults
[0.513s] Level 1:colcon.colcon_core.package_discovery:discover_packages(ignore) discover
[0.513s] Level 1:colcon.colcon_core.package_discovery:discover_packages(ignore) using defaults
[0.513s] Level 1:colcon.colcon_core.package_discovery:discover_packages(path) discover
[0.513s] Level 1:colcon.colcon_core.package_discovery:discover_packages(path) using defaults
[0.550s] Level 1:colcon.colcon_core.package_discovery:discover_packages(prefix_path) check parameters
[0.550s] Level 1:colcon.colcon_core.package_discovery:discover_packages(prefix_path) discover
[0.553s] DEBUG:colcon.colcon_installed_package_information.package_discovery:Found 1 installed packages in /home/giovanna/ros2_ws/install
[0.555s] DEBUG:colcon.colcon_installed_package_information.package_discovery:Found 326 installed packages in /opt/ros/humble
[0.557s] Level 1:colcon.colcon_core.package_discovery:discover_packages(prefix_path) using defaults
[0.599s] Level 5:colcon.colcon_core.verb:set package 'prm' build argument 'cmake_args' from command line to 'None'
[0.599s] Level 5:colcon.colcon_core.verb:set package 'prm' build argument 'cmake_target' from command line to 'None'
[0.599s] Level 5:colcon.colcon_core.verb:set package 'prm' build argument 'cmake_target_skip_unavailable' from command line to 'False'
[0.599s] Level 5:colcon.colcon_core.verb:set package 'prm' build argument 'cmake_clean_cache' from command line to 'False'
[0.599s] Level 5:colcon.colcon_core.verb:set package 'prm' build argument 'cmake_clean_first' from command line to 'False'
[0.599s] Level 5:colcon.colcon_core.verb:set package 'prm' build argument 'cmake_force_configure' from command line to 'False'
[0.599s] Level 5:colcon.colcon_core.verb:set package 'prm' build argument 'ament_cmake_args' from command line to 'None'
[0.599s] Level 5:colcon.colcon_core.verb:set package 'prm' build argument 'catkin_cmake_args' from command line to 'None'
[0.599s] Level 5:colcon.colcon_core.verb:set package 'prm' build argument 'catkin_skip_building_tests' from command line to 'False'
[0.599s] DEBUG:colcon.colcon_core.verb:Building package 'prm' with the following arguments: {'ament_cmake_args': None, 'build_base': '/home/giovanna/ros2_ws/src/prm/build/prm', 'catkin_cmake_args': None, 'catkin_skip_building_tests': False, 'cmake_args': None, 'cmake_clean_cache': False, 'cmake_clean_first': False, 'cmake_force_configure': False, 'cmake_target': None, 'cmake_target_skip_unavailable': False, 'install_base': '/home/giovanna/ros2_ws/src/prm/install/prm', 'merge_install': False, 'path': '/home/giovanna/ros2_ws/src/prm', 'symlink_install': True, 'test_result_base': None}
[0.599s] INFO:colcon.colcon_core.executor:Executing jobs using 'parallel' executor
[0.600s] DEBUG:colcon.colcon_parallel_executor.executor.parallel:run_until_complete
[0.600s] INFO:colcon.colcon_ros.task.ament_python.build:Building ROS package in '/home/giovanna/ros2_ws/src/prm' with build type 'ament_python'
[0.601s] Level 1:colcon.colcon_core.shell:create_environment_hook('prm', 'ament_prefix_path')
[0.604s] INFO:colcon.colcon_core.plugin_system:Skipping extension 'colcon_core.shell.bat': Not used on non-Windows systems
[0.604s] INFO:colcon.colcon_core.shell:Creating environment hook '/home/giovanna/ros2_ws/src/prm/install/prm/share/prm/hook/ament_prefix_path.ps1'
[0.605s] INFO:colcon.colcon_core.shell:Creating environment descriptor '/home/giovanna/ros2_ws/src/prm/install/prm/share/prm/hook/ament_prefix_path.dsv'
[0.606s] INFO:colcon.colcon_core.shell:Creating environment hook '/home/giovanna/ros2_ws/src/prm/install/prm/share/prm/hook/ament_prefix_path.sh'
[0.607s] INFO:colcon.colcon_core.shell:Skip shell extension 'powershell' for command environment: Not usable outside of PowerShell
[0.607s] DEBUG:colcon.colcon_core.shell:Skip shell extension 'dsv' for command environment
[0.990s] INFO:colcon.colcon_core.task.python.build:Building Python package in '/home/giovanna/ros2_ws/src/prm'
[0.990s] INFO:colcon.colcon_core.shell:Skip shell extension 'powershell' for command environment: Not usable outside of PowerShell
[0.990s] DEBUG:colcon.colcon_core.shell:Skip shell extension 'dsv' for command environment
[1.556s] DEBUG:colcon.colcon_core.event_handler.log_command:Invoking command in '/home/giovanna/ros2_ws/src/prm/build/prm': PYTHONPATH=/home/giovanna/ros2_ws/src/prm/build/prm/prefix_override:/usr/lib/python3/dist-packages/colcon_core/task/python/colcon_distutils_commands:/home/giovanna/ros2_ws/src/prm/install/prm/lib/python3.10/site-packages:${PYTHONPATH} /usr/bin/python3 -W ignore:setup.py install is deprecated -W ignore:easy_install command is deprecated setup.py develop --editable --build-directory /home/giovanna/ros2_ws/src/prm/build/prm/build --no-deps symlink_data
[2.154s] Level 1:colcon.colcon_core.shell:create_environment_hook('prm', 'pythonpath_develop')
[2.155s] INFO:colcon.colcon_core.shell:Creating environment hook '/home/giovanna/ros2_ws/src/prm/build/prm/share/prm/hook/pythonpath_develop.ps1'
[2.156s] DEBUG:colcon.colcon_core.event_handler.log_command:Invoked command in '/home/giovanna/ros2_ws/src/prm/build/prm' returned '0': PYTHONPATH=/home/giovanna/ros2_ws/src/prm/build/prm/prefix_override:/usr/lib/python3/dist-packages/colcon_core/task/python/colcon_distutils_commands:/home/giovanna/ros2_ws/src/prm/install/prm/lib/python3.10/site-packages:${PYTHONPATH} /usr/bin/python3 -W ignore:setup.py install is deprecated -W ignore:easy_install command is deprecated setup.py develop --editable --build-directory /home/giovanna/ros2_ws/src/prm/build/prm/build --no-deps symlink_data
[2.156s] INFO:colcon.colcon_core.shell:Creating environment descriptor '/home/giovanna/ros2_ws/src/prm/build/prm/share/prm/hook/pythonpath_develop.dsv'
[2.157s] INFO:colcon.colcon_core.shell:Creating environment hook '/home/giovanna/ros2_ws/src/prm/build/prm/share/prm/hook/pythonpath_develop.sh'
[2.162s] Level 1:colcon.colcon_core.environment:checking '/home/giovanna/ros2_ws/src/prm/install/prm' for CMake module files
[2.162s] Level 1:colcon.colcon_core.environment:checking '/home/giovanna/ros2_ws/src/prm/install/prm' for CMake config files
[2.164s] Level 1:colcon.colcon_core.environment:checking '/home/giovanna/ros2_ws/src/prm/install/prm/lib'
[2.164s] Level 1:colcon.colcon_core.environment:checking '/home/giovanna/ros2_ws/src/prm/install/prm/bin'
[2.164s] Level 1:colcon.colcon_core.environment:checking '/home/giovanna/ros2_ws/src/prm/install/prm/lib/pkgconfig/prm.pc'
[2.164s] Level 1:colcon.colcon_core.environment:checking '/home/giovanna/ros2_ws/src/prm/install/prm/lib/python3.10/site-packages'
[2.164s] Level 1:colcon.colcon_core.shell:create_environment_hook('prm', 'pythonpath')
[2.165s] INFO:colcon.colcon_core.shell:Creating environment hook '/home/giovanna/ros2_ws/src/prm/install/prm/share/prm/hook/pythonpath.ps1'
[2.165s] INFO:colcon.colcon_core.shell:Creating environment descriptor '/home/giovanna/ros2_ws/src/prm/install/prm/share/prm/hook/pythonpath.dsv'
[2.166s] INFO:colcon.colcon_core.shell:Creating environment hook '/home/giovanna/ros2_ws/src/prm/install/prm/share/prm/hook/pythonpath.sh'
[2.167s] Level 1:colcon.colcon_core.environment:checking '/home/giovanna/ros2_ws/src/prm/install/prm/bin'
[2.167s] Level 1:colcon.colcon_core.environment:create_environment_scripts_only(prm)
[2.167s] INFO:colcon.colcon_core.shell:Creating package script '/home/giovanna/ros2_ws/src/prm/install/prm/share/prm/package.ps1'
[2.169s] INFO:colcon.colcon_core.shell:Creating package descriptor '/home/giovanna/ros2_ws/src/prm/install/prm/share/prm/package.dsv'
[2.170s] INFO:colcon.colcon_core.shell:Creating package script '/home/giovanna/ros2_ws/src/prm/install/prm/share/prm/package.sh'
[2.171s] INFO:colcon.colcon_core.shell:Creating package script '/home/giovanna/ros2_ws/src/prm/install/prm/share/prm/package.bash'
[2.173s] INFO:colcon.colcon_core.shell:Creating package script '/home/giovanna/ros2_ws/src/prm/install/prm/share/prm/package.zsh'
[2.174s] Level 1:colcon.colcon_core.environment:create_file_with_runtime_dependencies(/home/giovanna/ros2_ws/src/prm/install/prm/share/colcon-core/packages/prm)
[2.175s] DEBUG:colcon.colcon_parallel_executor.executor.parallel:closing loop
[2.175s] DEBUG:colcon.colcon_parallel_executor.executor.parallel:loop closed
[2.176s] DEBUG:colcon.colcon_parallel_executor.executor.parallel:run_until_complete finished with '0'
[2.176s] DEBUG:colcon.colcon_core.event_reactor:joining thread
[2.185s] INFO:colcon.colcon_core.plugin_system:Skipping extension 'colcon_notification.desktop_notification.terminal_notifier': Not used on non-Darwin systems
[2.185s] INFO:colcon.colcon_core.plugin_system:Skipping extension 'colcon_notification.desktop_notification.win32': Not used on non-Windows systems
[2.185s] INFO:colcon.colcon_notification.desktop_notification:Sending desktop notification using 'notify2'
[2.207s] DEBUG:colcon.colcon_core.event_reactor:joined thread
[2.209s] INFO:colcon.colcon_core.shell:Creating prefix script '/home/giovanna/ros2_ws/src/prm/install/local_setup.ps1'
[2.213s] INFO:colcon.colcon_core.shell:Creating prefix util module '/home/giovanna/ros2_ws/src/prm/install/_local_setup_util_ps1.py'
[2.219s] INFO:colcon.colcon_core.shell:Creating prefix chain script '/home/giovanna/ros2_ws/src/prm/install/setup.ps1'
[2.225s] INFO:colcon.colcon_core.shell:Creating prefix script '/home/giovanna/ros2_ws/src/prm/install/local_setup.sh'
[2.227s] INFO:colcon.colcon_core.shell:Creating prefix util module '/home/giovanna/ros2_ws/src/prm/install/_local_setup_util_sh.py'
[2.229s] INFO:colcon.colcon_core.shell:Creating prefix chain script '/home/giovanna/ros2_ws/src/prm/install/setup.sh'
[2.232s] INFO:colcon.colcon_core.shell:Creating prefix script '/home/giovanna/ros2_ws/src/prm/install/local_setup.bash'
[2.234s] INFO:colcon.colcon_core.shell:Creating prefix chain script '/home/giovanna/ros2_ws/src/prm/install/setup.bash'
[2.238s] INFO:colcon.colcon_core.shell:Creating prefix script '/home/giovanna/ros2_ws/src/prm/install/local_setup.zsh'
[2.241s] INFO:colcon.colcon_core.shell:Creating prefix chain script '/home/giovanna/ros2_ws/src/prm/install/setup.zsh'
